<?xml version="1.0" encoding="UTF-8"?>
<!-- Generated by org.testng.reporters.JUnitReportReporter -->
<testsuite hostname="AJJU" failures="0" tests="1" name="testNGClass.Test12344554" time="32.787" errors="0" timestamp="2023-03-21T14:06:46 IST" skipped="0">
  <testcase classname="testNGClass.Test12344554" name="verifyTheSearchButton" time="32.787"/>
  <system-out/>
</testsuite> <!-- testNGClass.Test12344554 -->
